#
# There is insufficient memory for the Java Runtime Environment to continue.
# Native memory allocation (malloc) failed to allocate 32744 bytes for ChunkPool::allocate
# Possible reasons:
#   The system is out of physical RAM or swap space
#   In 32 bit mode, the process size limit was hit
# Possible solutions:
#   Reduce memory load on the system
#   Increase physical memory or swap space
#   Check if swap backing store is full
#   Use 64 bit Java on a 64 bit OS
#   Decrease Java heap size (-Xmx/-Xms)
#   Decrease number of Java threads
#   Decrease Java thread stack sizes (-Xss)
#   Set larger code cache with -XX:ReservedCodeCacheSize=
# This output file may be truncated or incomplete.
#
#  Out of Memory Error (allocation.cpp:273), pid=29688, tid=0x0000000000007aa4
#
# JRE version: Java(TM) SE Runtime Environment (8.0_131-b11) (build 1.8.0_131-b11)
# Java VM: Java HotSpot(TM) 64-Bit Server VM (25.131-b11 mixed mode windows-amd64 compressed oops)
# Failed to write core dump. Minidumps are not enabled by default on client versions of Windows
#

---------------  T H R E A D  ---------------

Current thread (0x0000000002f56000):  JavaThread "main" [_thread_in_vm, id=31396, stack(0x0000000002e50000,0x0000000002f50000)]

Stack: [0x0000000002e50000,0x0000000002f50000]
[error occurred during error reporting (printing stack bounds), id 0xc0000005]

Native frames: (J=compiled Java code, j=interpreted, Vv=VM code, C=native code)

Java frames: (J=compiled Java code, j=interpreted, Vv=VM code)
J 868  java.lang.ClassLoader.defineClass1(Ljava/lang/String;[BIILjava/security/ProtectionDomain;Ljava/lang/String;)Ljava/lang/Class; (0 bytes) @ 0x00000000034a459f [0x00000000034a4500+0x9f]
J 782 C1 java.lang.ClassLoader.defineClass(Ljava/lang/String;[BIILjava/security/ProtectionDomain;)Ljava/lang/Class; (43 bytes) @ 0x000000000347eecc [0x000000000347eda0+0x12c]
J 788 C1 java.net.URLClassLoader.defineClass(Ljava/lang/String;Lsun/misc/Resource;)Ljava/lang/Class; (142 bytes) @ 0x000000000348327c [0x0000000003482860+0xa1c]
J 725 C1 java.net.URLClassLoader$1.run()Ljava/lang/Class; (63 bytes) @ 0x00000000034669dc [0x0000000003466900+0xdc]
J 660 C1 java.net.URLClassLoader$1.run()Ljava/lang/Object; (5 bytes) @ 0x000000000344885c [0x0000000003448820+0x3c]
v  ~StubRoutines::call_stub
J 592  java.security.AccessController.doPrivileged(Ljava/security/PrivilegedExceptionAction;Ljava/security/AccessControlContext;)Ljava/lang/Object; (0 bytes) @ 0x000000000341f8a6 [0x000000000341f840+0x66]
J 658 C1 java.net.URLClassLoader.findClass(Ljava/lang/String;)Ljava/lang/Class; (47 bytes) @ 0x0000000003447f64 [0x0000000003447ea0+0xc4]
j  java.lang.ClassLoader.loadClass(Ljava/lang/String;Z)Ljava/lang/Class;+70
J 628 C1 sun.misc.Launcher$AppClassLoader.loadClass(Ljava/lang/String;Z)Ljava/lang/Class; (85 bytes) @ 0x000000000343960c [0x0000000003439300+0x30c]
J 622 C1 java.lang.ClassLoader.loadClass(Ljava/lang/String;)Ljava/lang/Class; (7 bytes) @ 0x0000000003437cbc [0x0000000003437c60+0x5c]
v  ~StubRoutines::call_stub
J 864  java.lang.Class.forName0(Ljava/lang/String;ZLjava/lang/ClassLoader;Ljava/lang/Class;)Ljava/lang/Class; (0 bytes) @ 0x00000000034a3c07 [0x00000000034a3b80+0x87]
J 845 C1 java.lang.Class.forName(Ljava/lang/String;ZLjava/lang/ClassLoader;)Ljava/lang/Class; (53 bytes) @ 0x000000000349a44c [0x000000000349a300+0x14c]
J 2435 C1 org.springframework.boot.autoconfigure.condition.FilteringSpringBootCondition$ClassNameFilter.isPresent(Ljava/lang/String;Ljava/lang/ClassLoader;)Z (19 bytes) @ 0x000000000371516c [0x00000000037150a0+0xcc]
j  org.springframework.boot.autoconfigure.condition.FilteringSpringBootCondition$ClassNameFilter$2.matches(Ljava/lang/String;Ljava/lang/ClassLoader;)Z+2
J 2487 C1 org.springframework.boot.autoconfigure.condition.FilteringSpringBootCondition.filter(Ljava/util/Collection;Lorg/springframework/boot/autoconfigure/condition/FilteringSpringBootCondition$ClassNameFilter;Ljava/lang/ClassLoader;)Ljava/util/List; (82 bytes) @ 0x000000000372c19c [0x000000000372bfe0+0x1bc]
j  org.springframework.boot.autoconfigure.condition.OnClassCondition.getMatchOutcome(Lorg/springframework/context/annotation/ConditionContext;Lorg/springframework/core/type/AnnotatedTypeMetadata;)Lorg/springframework/boot/autoconfigure/condition/ConditionOutcome;+33
j  org.springframework.boot.autoconfigure.condition.SpringBootCondition.matches(Lorg/springframework/context/annotation/ConditionContext;Lorg/springframework/core/type/AnnotatedTypeMetadata;)Z+8
j  org.springframework.context.annotation.ConditionEvaluator.shouldSkip(Lorg/springframework/core/type/AnnotatedTypeMetadata;Lorg/springframework/context/annotation/ConfigurationCondition$ConfigurationPhase;)Z+235
j  org.springframework.context.annotation.ConfigurationClassParser.processConfigurationClass(Lorg/springframework/context/annotation/ConfigurationClass;Ljava/util/function/Predicate;)V+11
j  org.springframework.context.annotation.ConfigurationClassParser.processMemberClasses(Lorg/springframework/context/annotation/ConfigurationClass;Lorg/springframework/context/annotation/ConfigurationClassParser$SourceClass;Ljava/util/function/Predicate;)V+199
j  org.springframework.context.annotation.ConfigurationClassParser.doProcessConfigurationClass(Lorg/springframework/context/annotation/ConfigurationClass;Lorg/springframework/context/annotation/ConfigurationClassParser$SourceClass;Ljava/util/function/Predicate;)Lorg/springframework/context/annotation/ConfigurationClassParser$SourceClass;+21
j  org.springframework.context.annotation.ConfigurationClassParser.processConfigurationClass(Lorg/springframework/context/annotation/ConfigurationClass;Ljava/util/function/Predicate;)V+106
j  org.springframework.context.annotation.ConfigurationClassParser.processImports(Lorg/springframework/context/annotation/ConfigurationClass;Lorg/springframework/context/annotation/ConfigurationClassParser$SourceClass;Ljava/util/Collection;Ljava/util/function/Predicate;Z)V+296
j  org.springframework.context.annotation.ConfigurationClassParser.access$800(Lorg/springframework/context/annotation/ConfigurationClassParser;Lorg/springframework/context/annotation/ConfigurationClass;Lorg/springframework/context/annotation/ConfigurationClassParser$SourceClass;Ljava/util/Collection;Ljava/util/function/Predicate;Z)V+8
j  org.springframework.context.annotation.ConfigurationClassParser$DeferredImportSelectorGroupingHandler.lambda$processGroupImports$1(Ljava/util/function/Predicate;Lorg/springframework/context/annotation/DeferredImportSelector$Group$Entry;)V+48
j  org.springframework.context.annotation.ConfigurationClassParser$DeferredImportSelectorGroupingHandler$$Lambda$244.accept(Ljava/lang/Object;)V+12
j  java.util.ArrayList.forEach(Ljava/util/function/Consumer;)V+47
j  org.springframework.context.annotation.ConfigurationClassParser$DeferredImportSelectorGroupingHandler.processGroupImports()V+50
j  org.springframework.context.annotation.ConfigurationClassParser$DeferredImportSelectorHandler.process()V+54
j  org.springframework.context.annotation.ConfigurationClassParser.parse(Ljava/util/Set;)V+171
j  org.springframework.context.annotation.ConfigurationClassPostProcessor.processConfigBeanDefinitions(Lorg/springframework/beans/factory/support/BeanDefinitionRegistry;)V+308
j  org.springframework.context.annotation.ConfigurationClassPostProcessor.postProcessBeanDefinitionRegistry(Lorg/springframework/beans/factory/support/BeanDefinitionRegistry;)V+107
j  org.springframework.context.support.PostProcessorRegistrationDelegate.invokeBeanDefinitionRegistryPostProcessors(Ljava/util/Collection;Lorg/springframework/beans/factory/support/BeanDefinitionRegistry;Lorg/springframework/core/metrics/ApplicationStartup;)V+59
j  org.springframework.context.support.PostProcessorRegistrationDelegate.invokeBeanFactoryPostProcessors(Lorg/springframework/beans/factory/config/ConfigurableListableBeanFactory;Ljava/util/List;)V+235
j  org.springframework.context.support.AbstractApplicationContext.invokeBeanFactoryPostProcessors(Lorg/springframework/beans/factory/config/ConfigurableListableBeanFactory;)V+5
j  org.springframework.context.support.AbstractApplicationContext.refresh()V+53
j  org.springframework.boot.web.servlet.context.ServletWebServerApplicationContext.refresh()V+1
j  org.springframework.boot.SpringApplication.refresh(Lorg/springframework/context/ConfigurableApplicationContext;)V+1
j  org.springframework.boot.SpringApplication.refreshContext(Lorg/springframework/context/ConfigurableApplicationContext;)V+16
j  org.springframework.boot.SpringApplication.run([Ljava/lang/String;)Lorg/springframework/context/ConfigurableApplicationContext;+107
j  org.springframework.boot.SpringApplication.run([Ljava/lang/Class;[Ljava/lang/String;)Lorg/springframework/context/ConfigurableApplicationContext;+9
j  org.springframework.boot.SpringApplication.run(Ljava/lang/Class;[Ljava/lang/String;)Lorg/springframework/context/ConfigurableApplicationContext;+9
j  com.dongdongshop.LoginServiceApp.main([Ljava/lang/String;)V+3
v  ~StubRoutines::call_stub

---------------  P R O C E S S  ---------------

Java Threads: ( => current thread )
  0x0000000020f0d800 JavaThread "Keep-Alive-Timer" daemon [_thread_blocked, id=19260, stack(0x0000000022cc0000,0x0000000022dc0000)]
  0x0000000020f10800 JavaThread "logback-5" daemon [_thread_blocked, id=28780, stack(0x00000000223c0000,0x00000000224c0000)]
  0x0000000020f0f000 JavaThread "logback-4" daemon [_thread_blocked, id=4072, stack(0x0000000021dc0000,0x0000000021ec0000)]
  0x0000000020e9d800 JavaThread "com.alibaba.nacos.client.Worker.fixed-127.0.0.1_8848-dongdongshop" daemon [_thread_blocked, id=28892, stack(0x00000000229c0000,0x0000000022ac0000)]
  0x0000000020e9d000 JavaThread "com.alibaba.nacos.client.config.security.updater" daemon [_thread_blocked, id=32164, stack(0x00000000228c0000,0x00000000229c0000)]
  0x0000000020e89800 JavaThread "com.alibaba.nacos.client.identify.watcher.0" daemon [_thread_blocked, id=4468, stack(0x00000000227c0000,0x00000000228c0000)]
  0x0000000020e6c000 JavaThread "RMI TCP Connection(3)-192.168.233.1" daemon [_thread_in_native, id=30352, stack(0x0000000021cc0000,0x0000000021dc0000)]
  0x00000000208fb800 JavaThread "RMI Scheduler(0)" daemon [_thread_blocked, id=17328, stack(0x00000000219c0000,0x0000000021ac0000)]
  0x00000000208f0800 JavaThread "RMI TCP Connection(2)-192.168.233.1" daemon [_thread_in_native, id=14972, stack(0x00000000218c0000,0x00000000219c0000)]
  0x000000001fa3a800 JavaThread "RMI TCP Accept-0" daemon [_thread_in_native, id=26292, stack(0x0000000020240000,0x0000000020340000)]
  0x000000001f7c7000 JavaThread "Service Thread" daemon [_thread_blocked, id=30176, stack(0x0000000020140000,0x0000000020240000)]
  0x000000001f722800 JavaThread "C1 CompilerThread3" daemon [_thread_in_native, id=21456, stack(0x0000000020040000,0x0000000020140000)]
  0x000000001f722000 JavaThread "C2 CompilerThread2" daemon [_thread_blocked, id=12264, stack(0x000000001ff40000,0x0000000020040000)]
  0x000000001f71b000 JavaThread "C2 CompilerThread1" daemon [_thread_blocked, id=31516, stack(0x000000001fe40000,0x000000001ff40000)]
  0x000000001f70f800 JavaThread "C2 CompilerThread0" daemon [_thread_blocked, id=12668, stack(0x000000001fd40000,0x000000001fe40000)]
  0x000000001ebef000 JavaThread "JDWP Command Reader" daemon [_thread_in_native, id=31960, stack(0x000000001f440000,0x000000001f540000)]
  0x000000001ebea000 JavaThread "JDWP Event Helper Thread" daemon [_thread_blocked, id=27548, stack(0x000000001f340000,0x000000001f440000)]
  0x000000001ebde000 JavaThread "JDWP Transport Listener: dt_socket" daemon [_thread_blocked, id=31024, stack(0x000000001f240000,0x000000001f340000)]
  0x000000001eb7e000 JavaThread "Attach Listener" daemon [_thread_blocked, id=25064, stack(0x000000001f140000,0x000000001f240000)]
  0x000000001ebd8000 JavaThread "Signal Dispatcher" daemon [_thread_blocked, id=31308, stack(0x000000001f040000,0x000000001f140000)]
  0x000000001eb61800 JavaThread "Finalizer" daemon [_thread_blocked, id=30348, stack(0x000000001ef40000,0x000000001f040000)]
  0x000000000304e000 JavaThread "Reference Handler" daemon [_thread_blocked, id=5984, stack(0x000000001ea40000,0x000000001eb40000)]
=>0x0000000002f56000 JavaThread "main" [_thread_in_vm, id=31396, stack(0x0000000002e50000,0x0000000002f50000)]

Other Threads:
  0x000000001cc3a000 VMThread [stack: 0x000000001e940000,0x000000001ea40000] [id=8240]
  0x000000001fa3e800 WatcherThread [stack: 0x0000000020340000,0x0000000020440000] [id=12456]

VM state:not at safepoint (normal execution)

VM Mutex/Monitor currently owned by a thread: None

Heap:
 PSYoungGen      total 76288K, used 46748K [0x000000076b500000, 0x0000000770a00000, 0x00000007c0000000)
  eden space 65536K, 62% used [0x000000076b500000,0x000000076dceb4b8,0x000000076f500000)
  from space 10752K, 54% used [0x000000076f500000,0x000000076fabbf30,0x000000076ff80000)
  to   space 10752K, 0% used [0x000000076ff80000,0x000000076ff80000,0x0000000770a00000)
 ParOldGen       total 116736K, used 10228K [0x00000006c1e00000, 0x00000006c9000000, 0x000000076b500000)
  object space 116736K, 8% used [0x00000006c1e00000,0x00000006c27fd168,0x00000006c9000000)
 Metaspace       used 25163K, capacity 26376K, committed 26672K, reserved 1073152K
  class space    used 3315K, capacity 3578K, committed 3632K, reserved 1048576K

Card table byte_map: [0x00000000125f0000,0x0000000012df0000] byte_map_base: 0x000000000efe1000

Marking Bits: (ParMarkBitMap*) 0x000000006ee8c720
 Begin Bits: [0x0000000013b40000, 0x0000000017ac8000)
 End Bits:   [0x0000000017ac8000, 0x000000001ba50000)

Polling page: 0x0000000002a30000

CodeCache: size=245760Kb used=5405Kb max_used=5405Kb free=240354Kb
 bounds [0x0000000003230000, 0x0000000003780000, 0x0000000012230000]
 total_blobs=3038 nmethods=2615 adapters=343
 compilation: enabled

Compilation events (10 events):
Event: 5.911 Thread 0x000000001f722800 nmethod 2610 0x0000000003775790 code [0x0000000003775920, 0x0000000003775b08]
Event: 5.911 Thread 0x000000001f722800 2612       1       java.util.stream.Collectors$CollectorImpl::<init> (13 bytes)
Event: 5.911 Thread 0x000000001f722800 nmethod 2612 0x0000000003775c50 code [0x0000000003775da0, 0x0000000003775f30]
Event: 5.911 Thread 0x000000001f722800 2613   !   1       sun.net.www.protocol.jar.JarURLConnection$JarURLInputStream::close (51 bytes)
Event: 5.912 Thread 0x000000001f722800 nmethod 2613 0x0000000003775fd0 code [0x0000000003776180, 0x0000000003776428]
Event: 5.912 Thread 0x000000001f722800 2614       1       org.springframework.core.type.classreading.SimpleMetadataReader::<init> (37 bytes)
Event: 5.912 Thread 0x000000001f722800 nmethod 2614 0x0000000003776650 code [0x00000000037767e0, 0x0000000003776b98]
Event: 5.912 Thread 0x000000001f722800 2615       1       org.springframework.core.type.classreading.SimpleAnnotationMetadataReadingVisitor::<init> (60 bytes)
Event: 5.912 Thread 0x000000001f722800 nmethod 2615 0x0000000003776e50 code [0x0000000003777000, 0x0000000003777498]
Event: 5.912 Thread 0x000000001f722800 2618       1       org.springframework.asm.ClassReader::accept (1401 bytes)

GC Heap History (8 events):
Event: 2.392 GC heap before
{Heap before GC invocations=1 (full 0):
 PSYoungGen      total 76288K, used 65536K [0x000000076b500000, 0x0000000770a00000, 0x00000007c0000000)
  eden space 65536K, 100% used [0x000000076b500000,0x000000076f500000,0x000000076f500000)
  from space 10752K, 0% used [0x000000076ff80000,0x000000076ff80000,0x0000000770a00000)
  to   space 10752K, 0% used [0x000000076f500000,0x000000076f500000,0x000000076ff80000)
 ParOldGen       total 175104K, used 0K [0x00000006c1e00000, 0x00000006cc900000, 0x000000076b500000)
  object space 175104K, 0% used [0x00000006c1e00000,0x00000006c1e00000,0x00000006cc900000)
 Metaspace       used 13648K, capacity 14134K, committed 14464K, reserved 1062912K
  class space    used 1701K, capacity 1841K, committed 1920K, reserved 1048576K
Event: 2.400 GC heap after
Heap after GC invocations=1 (full 0):
 PSYoungGen      total 76288K, used 7240K [0x000000076b500000, 0x0000000770a00000, 0x00000007c0000000)
  eden space 65536K, 0% used [0x000000076b500000,0x000000076b500000,0x000000076f500000)
  from space 10752K, 67% used [0x000000076f500000,0x000000076fc121b0,0x000000076ff80000)
  to   space 10752K, 0% used [0x000000076ff80000,0x000000076ff80000,0x0000000770a00000)
 ParOldGen       total 175104K, used 16K [0x00000006c1e00000, 0x00000006cc900000, 0x000000076b500000)
  object space 175104K, 0% used [0x00000006c1e00000,0x00000006c1e04000,0x00000006cc900000)
 Metaspace       used 13648K, capacity 14134K, committed 14464K, reserved 1062912K
  class space    used 1701K, capacity 1841K, committed 1920K, reserved 1048576K
}
Event: 4.333 GC heap before
{Heap before GC invocations=2 (full 0):
 PSYoungGen      total 76288K, used 68981K [0x000000076b500000, 0x0000000770a00000, 0x00000007c0000000)
  eden space 65536K, 94% used [0x000000076b500000,0x000000076f14b4f0,0x000000076f500000)
  from space 10752K, 67% used [0x000000076f500000,0x000000076fc121b0,0x000000076ff80000)
  to   space 10752K, 0% used [0x000000076ff80000,0x000000076ff80000,0x0000000770a00000)
 ParOldGen       total 175104K, used 16K [0x00000006c1e00000, 0x00000006cc900000, 0x000000076b500000)
  object space 175104K, 0% used [0x00000006c1e00000,0x00000006c1e04000,0x00000006cc900000)
 Metaspace       used 20380K, capacity 21224K, committed 21296K, reserved 1067008K
  class space    used 2634K, capacity 2862K, committed 2864K, reserved 1048576K
Event: 4.348 GC heap after
Heap after GC invocations=2 (full 0):
 PSYoungGen      total 76288K, used 10631K [0x000000076b500000, 0x0000000770a00000, 0x00000007c0000000)
  eden space 65536K, 0% used [0x000000076b500000,0x000000076b500000,0x000000076f500000)
  from space 10752K, 98% used [0x000000076ff80000,0x00000007709e1fb8,0x0000000770a00000)
  to   space 10752K, 0% used [0x000000076f500000,0x000000076f500000,0x000000076ff80000)
 ParOldGen       total 175104K, used 96K [0x00000006c1e00000, 0x00000006cc900000, 0x000000076b500000)
  object space 175104K, 0% used [0x00000006c1e00000,0x00000006c1e18010,0x00000006cc900000)
 Metaspace       used 20380K, capacity 21224K, committed 21296K, reserved 1067008K
  class space    used 2634K, capacity 2862K, committed 2864K, reserved 1048576K
}
Event: 4.348 GC heap before
{Heap before GC invocations=3 (full 1):
 PSYoungGen      total 76288K, used 10631K [0x000000076b500000, 0x0000000770a00000, 0x00000007c0000000)
  eden space 65536K, 0% used [0x000000076b500000,0x000000076b500000,0x000000076f500000)
  from space 10752K, 98% used [0x000000076ff80000,0x00000007709e1fb8,0x0000000770a00000)
  to   space 10752K, 0% used [0x000000076f500000,0x000000076f500000,0x000000076ff80000)
 ParOldGen       total 175104K, used 96K [0x00000006c1e00000, 0x00000006cc900000, 0x000000076b500000)
  object space 175104K, 0% used [0x00000006c1e00000,0x00000006c1e18010,0x00000006cc900000)
 Metaspace       used 20380K, capacity 21224K, committed 21296K, reserved 1067008K
  class space    used 2634K, capacity 2862K, committed 2864K, reserved 1048576K
Event: 4.387 GC heap after
Heap after GC invocations=3 (full 1):
 PSYoungGen      total 76288K, used 0K [0x000000076b500000, 0x0000000770a00000, 0x00000007c0000000)
  eden space 65536K, 0% used [0x000000076b500000,0x000000076b500000,0x000000076f500000)
  from space 10752K, 0% used [0x000000076ff80000,0x000000076ff80000,0x0000000770a00000)
  to   space 10752K, 0% used [0x000000076f500000,0x000000076f500000,0x000000076ff80000)
 ParOldGen       total 116736K, used 10220K [0x00000006c1e00000, 0x00000006c9000000, 0x000000076b500000)
  object space 116736K, 8% used [0x00000006c1e00000,0x00000006c27fb168,0x00000006c9000000)
 Metaspace       used 20380K, capacity 21224K, committed 21296K, reserved 1067008K
  class space    used 2634K, capacity 2862K, committed 2864K, reserved 1048576K
}
Event: 5.710 GC heap before
{Heap before GC invocations=4 (full 1):
 PSYoungGen      total 76288K, used 65536K [0x000000076b500000, 0x0000000770a00000, 0x00000007c0000000)
  eden space 65536K, 100% used [0x000000076b500000,0x000000076f500000,0x000000076f500000)
  from space 10752K, 0% used [0x000000076ff80000,0x000000076ff80000,0x0000000770a00000)
  to   space 10752K, 0% used [0x000000076f500000,0x000000076f500000,0x000000076ff80000)
 ParOldGen       total 116736K, used 10220K [0x00000006c1e00000, 0x00000006c9000000, 0x000000076b500000)
  object space 116736K, 8% used [0x00000006c1e00000,0x00000006c27fb168,0x00000006c9000000)
 Metaspace       used 24211K, capacity 25372K, committed 25520K, reserved 1071104K
  class space    used 3203K, capacity 3466K, committed 3504K, reserved 1048576K
Event: 5.713 GC heap after
Heap after GC invocations=4 (full 1):
 PSYoungGen      total 76288K, used 5871K [0x000000076b500000, 0x0000000770a00000, 0x00000007c0000000)
  eden space 65536K, 0% used [0x000000076b500000,0x000000076b500000,0x000000076f500000)
  from space 10752K, 54% used [0x000000076f500000,0x000000076fabbf30,0x000000076ff80000)
  to   space 10752K, 0% used [0x000000076ff80000,0x000000076ff80000,0x0000000770a00000)
 ParOldGen       total 116736K, used 10228K [0x00000006c1e00000, 0x00000006c9000000, 0x000000076b500000)
  object space 116736K, 8% used [0x00000006c1e00000,0x00000006c27fd168,0x00000006c9000000)
 Metaspace       used 24211K, capacity 25372K, committed 25520K, reserved 1071104K
  class space    used 3203K, capacity 3466K, committed 3504K, reserved 1048576K
}

Deoptimization events (0 events):
No events

Internal exceptions (10 events):
Event: 5.637 Thread 0x0000000002f56000 Exception <a 'java/lang/ClassNotFoundException': org/springframework/beans/factory/AwareCustomizer> (0x000000076ee83b48) thrown at [C:\re\workspace\8-2-build-windows-amd64-cygwin\jdk8u131\8869\hotspot\src\share\vm\classfile\systemDictionary.cpp, line 210]
Event: 5.638 Thread 0x0000000002f56000 Exception <a 'java/lang/ClassNotFoundException': org/springframework/beans/factory/BeanClassLoaderAwareCustomizer> (0x000000076eea7880) thrown at [C:\re\workspace\8-2-build-windows-amd64-cygwin\jdk8u131\8869\hotspot\src\share\vm\classfile\systemDictionary
Event: 5.638 Thread 0x0000000002f56000 Exception <a 'java/lang/ClassNotFoundException': org/springframework/beans/factory/AwareCustomizer> (0x000000076eec6800) thrown at [C:\re\workspace\8-2-build-windows-amd64-cygwin\jdk8u131\8869\hotspot\src\share\vm\classfile\systemDictionary.cpp, line 210]
Event: 5.639 Thread 0x0000000002f56000 Exception <a 'java/lang/ClassNotFoundException': org/springframework/context/EnvironmentAwareCustomizer> (0x000000076eee65b8) thrown at [C:\re\workspace\8-2-build-windows-amd64-cygwin\jdk8u131\8869\hotspot\src\share\vm\classfile\systemDictionary.cpp, line
Event: 5.640 Thread 0x0000000002f56000 Exception <a 'java/lang/ClassNotFoundException': org/springframework/beans/factory/AwareCustomizer> (0x000000076ef05428) thrown at [C:\re\workspace\8-2-build-windows-amd64-cygwin\jdk8u131\8869\hotspot\src\share\vm\classfile\systemDictionary.cpp, line 210]
Event: 5.690 Thread 0x0000000002f56000 Exception <a 'java/lang/NoSuchMethodError': java.lang.Object.lambda$or$2(Ljava/util/function/Predicate;Ljava/lang/Object;)Z> (0x000000076f1ec6c8) thrown at [C:\re\workspace\8-2-build-windows-amd64-cygwin\jdk8u131\8869\hotspot\src\share\vm\interpreter\link
Event: 5.690 Thread 0x0000000002f56000 Exception <a 'java/lang/ArrayIndexOutOfBoundsException'> (0x000000076f1f1068) thrown at [C:\re\workspace\8-2-build-windows-amd64-cygwin\jdk8u131\8869\hotspot\src\share\vm\runtime\sharedRuntime.cpp, line 605]
Event: 5.690 Thread 0x0000000002f56000 Exception <a 'java/lang/ArrayIndexOutOfBoundsException'> (0x000000076f1f3220) thrown at [C:\re\workspace\8-2-build-windows-amd64-cygwin\jdk8u131\8869\hotspot\src\share\vm\runtime\sharedRuntime.cpp, line 605]
Event: 5.701 Thread 0x0000000020e6c000 Exception <a 'java/lang/reflect/InvocationTargetException'> (0x000000076cc7ca20) thrown at [C:\re\workspace\8-2-build-windows-amd64-cygwin\jdk8u131\8869\hotspot\src\share\vm\runtime\reflection.cpp, line 1092]
Event: 5.768 Thread 0x0000000002f56000 Exception <a 'java/lang/IncompatibleClassChangeError': Found class java.lang.Object, but interface was expected> (0x000000076c1c99d8) thrown at [C:\re\workspace\8-2-build-windows-amd64-cygwin\jdk8u131\8869\hotspot\src\share\vm\interpreter\linkResolver.cpp

Events (10 events):
Event: 5.915 Thread 0x0000000002f56000 DEOPT PACKING pc=0x000000000371516c sp=0x0000000002f4e7c0
Event: 5.915 Thread 0x0000000002f56000 DEOPT UNPACKING pc=0x000000000327787f sp=0x0000000002f4e508 mode 1
Event: 5.915 loading class org/springframework/cache/caffeine/CaffeineCacheManager
Event: 5.915 loading class org/springframework/cache/caffeine/CaffeineCacheManager done
Event: 5.915 Thread 0x0000000002f56000 DEOPT PACKING pc=0x0000000003448011 sp=0x0000000002f4d9a0
Event: 5.915 Thread 0x0000000002f56000 DEOPT UNPACKING pc=0x000000000327787f sp=0x0000000002f4d6f0 mode 1
Event: 5.915 Thread 0x0000000002f56000 DEOPT PACKING pc=0x0000000003428944 sp=0x0000000002f4da20
Event: 5.915 Thread 0x0000000002f56000 DEOPT UNPACKING pc=0x000000000327787f sp=0x0000000002f4d840 mode 1
Event: 5.915 Thread 0x0000000002f56000 DEOPT PACKING pc=0x000000000342888c sp=0x0000000002f4dbb0
Event: 5.915 Thread 0x0000000002f56000 DEOPT UNPACKING pc=0x000000000327787f sp=0x0000000002f4d9d0 mode 1


Dynamic libraries:
0x00007ff66f5e0000 - 0x00007ff66f617000 	E:\jdk\bin\java.exe
0x00007ff80b610000 - 0x00007ff80b808000 	C:\WINDOWS\SYSTEM32\ntdll.dll
0x00007ff809740000 - 0x00007ff8097ff000 	C:\WINDOWS\System32\KERNEL32.DLL
0x00007ff808d00000 - 0x00007ff808fd2000 	C:\WINDOWS\System32\KERNELBASE.dll
0x00007ff80a180000 - 0x00007ff80a22e000 	C:\WINDOWS\System32\ADVAPI32.dll
0x00007ff80a2c0000 - 0x00007ff80a35e000 	C:\WINDOWS\System32\msvcrt.dll
0x00007ff80aaf0000 - 0x00007ff80ab8c000 	C:\WINDOWS\System32\sechost.dll
0x00007ff80a8a0000 - 0x00007ff80a9c5000 	C:\WINDOWS\System32\RPCRT4.dll
0x00007ff80b420000 - 0x00007ff80b5c1000 	C:\WINDOWS\System32\USER32.dll
0x00007ff809270000 - 0x00007ff809292000 	C:\WINDOWS\System32\win32u.dll
0x00007ff80acc0000 - 0x00007ff80aceb000 	C:\WINDOWS\System32\GDI32.dll
0x00007ff8093f0000 - 0x00007ff8094ff000 	C:\WINDOWS\System32\gdi32full.dll
0x00007ff809500000 - 0x00007ff80959d000 	C:\WINDOWS\System32\msvcp_win.dll
0x00007ff8092a0000 - 0x00007ff8093a0000 	C:\WINDOWS\System32\ucrtbase.dll
0x00007ffff36f0000 - 0x00007ffff398a000 	C:\WINDOWS\WinSxS\amd64_microsoft.windows.common-controls_6595b64144ccf1df_6.0.19041.1110_none_60b5254171f9507e\COMCTL32.dll
0x00007ff80af60000 - 0x00007ff80af92000 	C:\WINDOWS\System32\IMM32.DLL
0x000000006ef10000 - 0x000000006efe2000 	E:\jdk\jre\bin\msvcr100.dll
0x000000006e670000 - 0x000000006ef0c000 	E:\jdk\jre\bin\server\jvm.dll
0x00007ff80afa0000 - 0x00007ff80afa8000 	C:\WINDOWS\System32\PSAPI.DLL
0x00007ff8029e0000 - 0x00007ff8029e9000 	C:\WINDOWS\SYSTEM32\WSOCK32.dll
0x00007ff8025c0000 - 0x00007ff8025ca000 	C:\WINDOWS\SYSTEM32\VERSION.dll
0x00007ff806200000 - 0x00007ff806227000 	C:\WINDOWS\SYSTEM32\WINMM.dll
0x00007ff80a6d0000 - 0x00007ff80a73b000 	C:\WINDOWS\System32\WS2_32.dll
0x000000006e660000 - 0x000000006e66f000 	E:\jdk\jre\bin\verify.dll
0x000000006e630000 - 0x000000006e659000 	E:\jdk\jre\bin\java.dll
0x000000006e550000 - 0x000000006e585000 	E:\jdk\jre\bin\jdwp.dll
0x000000006e540000 - 0x000000006e548000 	E:\jdk\jre\bin\npt.dll
0x000000006e510000 - 0x000000006e533000 	E:\jdk\jre\bin\instrument.dll
0x000000006e610000 - 0x000000006e626000 	E:\jdk\jre\bin\zip.dll
0x00007ff809a10000 - 0x00007ff80a155000 	C:\WINDOWS\System32\SHELL32.dll
0x00007ff806da0000 - 0x00007ff807532000 	C:\WINDOWS\SYSTEM32\windows.storage.dll
0x00007ff80a360000 - 0x00007ff80a6b5000 	C:\WINDOWS\System32\combase.dll
0x00007ff808760000 - 0x00007ff808790000 	C:\WINDOWS\SYSTEM32\Wldp.dll
0x00007ff80a7f0000 - 0x00007ff80a89d000 	C:\WINDOWS\System32\SHCORE.dll
0x00007ff80af00000 - 0x00007ff80af55000 	C:\WINDOWS\System32\shlwapi.dll
0x00007ff808c40000 - 0x00007ff808c5f000 	C:\WINDOWS\SYSTEM32\profapi.dll
0x000000006e500000 - 0x000000006e509000 	E:\jdk\jre\bin\dt_socket.dll
0x00007ff8084c0000 - 0x00007ff80852a000 	C:\WINDOWS\system32\mswsock.dll
0x000000006e5f0000 - 0x000000006e60a000 	E:\jdk\jre\bin\net.dll
0x00007ff8081b0000 - 0x00007ff80827b000 	C:\WINDOWS\SYSTEM32\DNSAPI.dll
0x00007ff808160000 - 0x00007ff80819b000 	C:\WINDOWS\SYSTEM32\IPHLPAPI.DLL
0x00007ff80a230000 - 0x00007ff80a238000 	C:\WINDOWS\System32\NSI.dll
0x00007ffff9970000 - 0x00007ffff997a000 	C:\Windows\System32\rasadhlp.dll
0x00007ffff9580000 - 0x00007ffff9600000 	C:\WINDOWS\System32\fwpuclnt.dll
0x00007ff809050000 - 0x00007ff809077000 	C:\WINDOWS\System32\bcrypt.dll
0x000000006e5c0000 - 0x000000006e5cd000 	E:\jdk\jre\bin\management.dll
0x000000006e5d0000 - 0x000000006e5e1000 	E:\jdk\jre\bin\nio.dll
0x00007ff8086b0000 - 0x00007ff8086c8000 	C:\WINDOWS\SYSTEM32\CRYPTSP.dll
0x00007ff807d70000 - 0x00007ff807da4000 	C:\WINDOWS\system32\rsaenh.dll
0x00007ff808c00000 - 0x00007ff808c2e000 	C:\WINDOWS\SYSTEM32\USERENV.dll
0x00007ff8091e0000 - 0x00007ff809262000 	C:\WINDOWS\System32\bcryptprimitives.dll
0x00007ff8086d0000 - 0x00007ff8086dc000 	C:\WINDOWS\SYSTEM32\CRYPTBASE.dll
0x00007ffffda50000 - 0x00007ffffda67000 	C:\WINDOWS\SYSTEM32\dhcpcsvc6.DLL
0x00007ffffda30000 - 0x00007ffffda4d000 	C:\WINDOWS\SYSTEM32\dhcpcsvc.DLL
0x00007ffff3a80000 - 0x00007ffff3a97000 	C:\WINDOWS\system32\napinsp.dll
0x00007ffff36d0000 - 0x00007ffff36eb000 	C:\WINDOWS\system32\pnrpnsp.dll
0x00007ffff36b0000 - 0x00007ffff36c5000 	C:\WINDOWS\system32\wshbth.dll
0x00007ff803b70000 - 0x00007ff803b8d000 	C:\WINDOWS\system32\NLAapi.dll
0x00007ffff3690000 - 0x00007ffff36a2000 	C:\WINDOWS\System32\winrnr.dll

VM Arguments:
jvm_args: -agentlib:jdwp=transport=dt_socket,address=127.0.0.1:13339,suspend=y,server=n -XX:TieredStopAtLevel=1 -Xverify:none -Dspring.output.ansi.enabled=always -Dcom.sun.management.jmxremote -Dspring.jmx.enabled=true -Dspring.liveBeansView.mbeanDomain -Dspring.application.admin.enabled=true -javaagent:C:\Users\29555\AppData\Local\JetBrains\IntelliJIdea2020.2\captureAgent\debugger-agent.jar=file:/C:/Users/29555/AppData/Local/Temp/capture1.props -Dfile.encoding=UTF-8 
java_command: com.dongdongshop.LoginServiceApp
java_class_path (initial): E:\jdk\jre\lib\charsets.jar;E:\jdk\jre\lib\deploy.jar;E:\jdk\jre\lib\ext\access-bridge-64.jar;E:\jdk\jre\lib\ext\cldrdata.jar;E:\jdk\jre\lib\ext\dnsns.jar;E:\jdk\jre\lib\ext\jaccess.jar;E:\jdk\jre\lib\ext\jfxrt.jar;E:\jdk\jre\lib\ext\localedata.jar;E:\jdk\jre\lib\ext\nashorn.jar;E:\jdk\jre\lib\ext\sunec.jar;E:\jdk\jre\lib\ext\sunjce_provider.jar;E:\jdk\jre\lib\ext\sunmscapi.jar;E:\jdk\jre\lib\ext\sunpkcs11.jar;E:\jdk\jre\lib\ext\zipfs.jar;E:\jdk\jre\lib\javaws.jar;E:\jdk\jre\lib\jce.jar;E:\jdk\jre\lib\jfr.jar;E:\jdk\jre\lib\jfxswt.jar;E:\jdk\jre\lib\jsse.jar;E:\jdk\jre\lib\management-agent.jar;E:\jdk\jre\lib\plugin.jar;E:\jdk\jre\lib\resources.jar;E:\jdk\jre\lib\rt.jar;E:\ideaproject\dongdongshop_parent\dongdongshop_login_service\target\classes;E:\maven\org\springframework\boot\spring-boot-starter-web\2.7.6\spring-boot-starter-web-2.7.6.jar;E:\maven\org\springframework\boot\spring-boot-starter\2.7.6\spring-boot-starter-2.7.6.jar;E:\maven\org\springframework\boot\spring-boot\2.7.6\spring-boot-2.7.6.jar;E:\maven\org\springframework\boot\spring-boot-autoconfigure\2.7.6\spring-boot-autoconfigure-2.7.6.jar;E:\maven\org\springframework\boot\spring-boot-starter-logging\2.7.6\spring-boot-starter-logging-2.7.6.jar;E:\maven\ch\qos\logback\logback-classic\1.2.11\logback-classic-1.2.11.jar;E:\maven\ch\qos\logback\logback-core\1.2.11\logback-core-1.2.11.jar;E:\maven\org\apache\logging\log4j\log4j-to-slf4j\2.17.2\log4j-to-slf4j-2.17.2.jar;E:\maven\org\apache\logging\log4j\log4j-api\2.17.2\log4j-api-2.17.2.jar;E:\maven\org\slf4j\jul-to-slf4j\1.7.36\jul-to-slf4j-1.7.36.jar;E:\maven\jakarta\annotation\jakarta.annotation-api\1.3.5\jakarta.annotation-api-1.3.5.jar;E:\maven\org\springframework\spring-core\5.3.24\spring-core-5.3.24.jar;E:\maven\org\springframework\spring-jcl\5.3.24\spring-jcl-5.3.24.jar;E:\maven\org\yaml\snakeyaml\1.30\snakeyaml-1.30.jar;E:\maven\org\springframework\boot\spring-boot-starter-json\2.7.6\spring-boot-starter-json-2.7.6.jar;E:\ma
Launcher Type: SUN_STANDARD

Environment Variables:
JAVA_HOME=E:\jdk
PATH=C:\ProgramData\Oracle\Java\javapath;C:\WINDOWS\system32;C:\WINDOWS;C:\WINDOWS\System32\Wbem;C:\WINDOWS\System32\WindowsPowerShell\v1.0\;C:\WINDOWS\System32\OpenSSH\;C:\Program Files\MySQL\MySQL Server 5.7\bin;E:\jdk\bin;E:\apache-maven-3.5.4-bin\apache-maven-3.5.4\bin;E:\Xshell\;E:\rocketMQ\bin;E:\Git\cmd;C:\Program Files\TortoiseGit\bin;C:\Users\29555\AppData\Local\Microsoft\WindowsApps;
USERNAME=29555
OS=Windows_NT
PROCESSOR_IDENTIFIER=Intel64 Family 6 Model 158 Stepping 10, GenuineIntel



---------------  S Y S T E M  ---------------

OS: Windows 10.0 , 64 bit Build 19041 (10.0.19041.2546)

CPU:total 8 (initial active 8) (4 cores per cpu, 2 threads per core) family 6 model 158 stepping 10, cmov, cx8, fxsr, mmx, sse, sse2, sse3, ssse3, sse4.1, sse4.2, popcnt, avx, avx2, aes, clmul, erms, 3dnowpref, lzcnt, ht, tsc, tscinvbit, bmi1, bmi2, adx

Memory: 4k page, physical 16646388k(3089228k free), swap 29766384k(3932k free)

vm_info: Java HotSpot(TM) 64-Bit Server VM (25.131-b11) for windows-amd64 JRE (1.8.0_131-b11), built on Mar 15 2017 01:23:53 by "java_re" with MS VC++ 10.0 (VS2010)

time: Mon Feb 27 17:55:14 2023
elapsed time: 5 seconds (0d 0h 0m 5s)

